ISim log file
Running: C:\Users\ali taheri\Desktop\verilog\compute_arcitucture_project\test1_isim_beh.exe -intstyle ise -gui -tclbatch isim.cmd -wdb C:/Users/ali taheri/Desktop/verilog/compute_arcitucture_project/test1_isim_beh.wdb 
ISim P.20131013 (signature 0x7708f090)
This is a Full version of ISim.
Time resolution is 1 ps
# onerror resume
# wave add /
# run 1000 ns
Simulator is doing circuit initialization process.
Finished circuit initialization process.
get address          0
get address miss
dataOut
get data from memory 00000000000000000000000000011010000000000000000000000000000110010000000000000000000000000000000100000000000000000000000000000000
get address          2
hit
hit data : 00000000000000000000000000011001
hit set0[0] :0000000000000000000000000001101000000000000000000000000000011001000000000000000000000000000000010000000000000000000000000000000000000000000000000000000000001
ISim P.20131013 (signature 0x7708f090)
This is a Full version of ISim.
# run 1000 ns
Simulator is doing circuit initialization process.
Finished circuit initialization process.
get address          0
get address miss
dataOut
get data from memory 00000000000000000000000000011010000000000000000000000000000110010000000000000000000000000000000100000000000000000000000000000000
get address          2
hit
hit data : 00000000000000000000000000011001
hit set0[0] :00000000000000000000000000011010000000000000000000000000000110010000000000000000000000000000000100000000000000000000000000000000
ISim P.20131013 (signature 0x7708f090)
This is a Full version of ISim.
# run 1000 ns
Simulator is doing circuit initialization process.
Finished circuit initialization process.
get address          0
get address miss
dataOut
get data from memory 00000000000000000000000000011010000000000000000000000000000110010000000000000000000000000000000100000000000000000000000000000000
get address          2
hit
hit data : 00000000000000000000000000011001
hit set0[0]k :00000000000000000000000000011010000000000000000000000000000110010000000000000000000000000000000100000000000000000000000000000000
ISim P.20131013 (signature 0x7708f090)
This is a Full version of ISim.
# run 1000 ns
Simulator is doing circuit initialization process.
Finished circuit initialization process.
get address          0
get address miss
dataOut
get data from memory 00000000000000000000000000011010000000000000000000000000000110010000000000000000000000000000000100000000000000000000000000000000
get address          2
hit
hit data : 00000000000000000000000000011001
hit set0[0]k :100000000000000000000000000000000
ISim P.20131013 (signature 0x7708f090)
This is a Full version of ISim.
# run 1000 ns
Simulator is doing circuit initialization process.
Finished circuit initialization process.
get address          0
get address miss
dataOut
get data from memory 00000000000000000000000000011010000000000000000000000000000110010000000000000000000000000000000100000000000000000000000000000000
get address          2
hit
hit data : 00000000000000000000000000011001
hit set0[0]k :00000000000000000000000000000000
ISim P.20131013 (signature 0x7708f090)
This is a Full version of ISim.
# run 1000 ns
Simulator is doing circuit initialization process.
Finished circuit initialization process.
get address          0
get address miss
dataOut
get data from memory 00000000000000000000000000011010000000000000000000000000000110010000000000000000000000000000000100000000000000000000000000000000
get address          2
hit
hit data : 00000000000000000000000000011001
hit set0[0]0 :00000000000000000000000000000000
hit set0[0]1 :00000000000000000000000000000001
hit set0[0]2 :00000000000000000000000000011001
hit set0[0]3 :00000000000000000000000000011010
